<?xml version="1.0" encoding="UTF-8"?>
<!-- Generated by org.testng.reporters.JUnitReportReporter -->
<testsuite hostname="Hal" name="RunScriptUsingJenkins.MultipleBrowserTest" tests="2" failures="0" timestamp="1 Aug 2017 21:10:47 GMT" time="0.529" errors="0">
  <testcase name="LoginTest" time="0.123" classname="RunScriptUsingJenkins.MultipleBrowserTest"/>
  <testcase name="LoginTest" time="0.406" classname="RunScriptUsingJenkins.MultipleBrowserTest"/>
</testsuite> <!-- RunScriptUsingJenkins.MultipleBrowserTest -->
