<?xml version="1.0" encoding="UTF-8"?>
<!-- Generated by org.testng.reporters.JUnitReportReporter -->
<testsuite hostname="Hal" name="RunScriptUsingJenkins.ArrayListOfCheckBoxWebElement" tests="1" failures="0" timestamp="26 Sep 2017 21:14:36 GMT" time="12.995" errors="0">
  <testcase name="runProcedure" time="12.995" classname="RunScriptUsingJenkins.ArrayListOfCheckBoxWebElement"/>
</testsuite> <!-- RunScriptUsingJenkins.ArrayListOfCheckBoxWebElement -->
