<?xml version="1.0" encoding="UTF-8"?>
<!-- Generated by org.testng.reporters.JUnitReportReporter -->
<testsuite hostname="Hal" name="RunScriptUsingJenkins.MultipleBrowserTest" tests="2" failures="0" timestamp="26 Jul 2017 21:25:30 GMT" time="0.474" errors="0">
  <testcase name="LoginTest" time="0.124" classname="RunScriptUsingJenkins.MultipleBrowserTest"/>
  <testcase name="LoginTest" time="0.350" classname="RunScriptUsingJenkins.MultipleBrowserTest"/>
</testsuite> <!-- RunScriptUsingJenkins.MultipleBrowserTest -->
