<?xml version="1.0" encoding="UTF-8"?>
<!-- Generated by org.testng.reporters.JUnitReportReporter -->
<testsuite hostname="Hal" name="RunScriptUsingJenkins.Demo1" tests="2" failures="0" timestamp="13 Oct 2017 20:27:49 GMT" time="19.899" errors="0">
  <testcase name="cbtesting" time="8.731" classname="RunScriptUsingJenkins.Demo1"/>
  <testcase name="cbtesting" time="11.168" classname="RunScriptUsingJenkins.Demo1"/>
</testsuite> <!-- RunScriptUsingJenkins.Demo1 -->
