<?xml version="1.0" encoding="UTF-8"?>
<!-- Generated by org.testng.reporters.JUnitReportReporter -->
<testsuite hostname="Hal" name="RunScriptUsingJenkins.Demo1" tests="2" failures="0" timestamp="26 Jul 2017 22:06:19 GMT" time="17.613" errors="0">
  <testcase name="cbtesting" time="9.992" classname="RunScriptUsingJenkins.Demo1"/>
  <testcase name="cbtesting" time="7.621" classname="RunScriptUsingJenkins.Demo1"/>
</testsuite> <!-- RunScriptUsingJenkins.Demo1 -->
